
> rust@0.0.0 dev
> vite

Port 5175 is in use, trying another one...
Port 5176 is in use, trying another one...

  VITE v6.3.5  ready in 433 ms

  ➜  Local:   http://localhost:5177/
  ➜  Network: use --host to expose
  ➜  Vue DevTools: Open http://localhost:5177/__devtools__/ as a separate window
  ➜  Vue DevTools: Press Option(⌥)+Shift(⇧)+D in App to toggle the Vue DevTools
02:31:23 [vite] vite.config.js changed, restarting server...
02:31:23 [vite] server restarted.

  ➜  Local:   http://localhost:5173/
  ➜  Network: use --host to expose
  ➜  Vue DevTools: Open http://localhost:5173/__devtools__/ as a separate window
  ➜  Vue DevTools: Press Option(⌥)+Shift(⇧)+D in App to toggle the Vue DevTools
[1m[33m[@vue/compiler-sfc][0m[33m `defineProps` is a compiler macro and no longer needs to be imported.[0m

[1m[33m[@vue/compiler-sfc][0m[33m `defineEmits` is a compiler macro and no longer needs to be imported.[0m

[vite] server restarted.

  ➜  Local:   http://localhost:5174/
  ➜  Network: use --host to expose
  ➜  Vue DevTools: Open http://localhost:5174/__devtools__/ as a separate window
  ➜  Vue DevTools: Press Option(⌥)+Shift(⇧)+D in App to toggle the Vue DevTools

  ➜  Local:   http://localhost:5174/
  ➜  Network: use --host to expose
  ➜  Vue DevTools: Open http://localhost:5174/__devtools__/ as a separate window
  ➜  Vue DevTools: Press Option(⌥)+Shift(⇧)+D in App to toggle the Vue DevTools
